Training: hvac seed=0
2025-12-11 21:18:07,191 - INFO - ---- Run experiments with provided parameters ----
2025-12-11 21:18:07,192 - INFO -       Dataset: PECANSTREET
2025-12-11 21:18:07,192 - INFO -       Sampling Rate: 1min
2025-12-11 21:18:07,192 - INFO -       Window Size: 128
2025-12-11 21:18:07,192 - INFO -       Appliance : hvac
2025-12-11 21:18:07,192 - INFO -       Model: NILMFormer
2025-12-11 21:18:07,192 - INFO -       Seed: 0
2025-12-11 21:18:07,192 - INFO - --------------------------------------------------
2025-12-11 21:18:07,196 - INFO - Process data ...
2025-12-11 21:50:28,557 - INFO - Cached data saved to data/cache/dbe89f483af4.pkl
2025-12-11 21:50:29,213 - INFO -              ... Done.
2025-12-11 21:50:30,084 - INFO - Model training...
2025-12-11 21:51:33,177 - INFO - Epoch [1/100]
2025-12-11 21:51:33,177 - INFO -     Train loss : 0.007159
2025-12-11 21:51:33,177 - INFO -     Valid  loss : 0.003668
2025-12-11 21:52:20,260 - INFO - Epoch [2/100]
2025-12-11 21:52:20,260 - INFO -     Train loss : 0.005245
2025-12-11 21:52:20,260 - INFO -     Valid  loss : 0.003285
2025-12-11 21:53:07,210 - INFO - Epoch [3/100]
2025-12-11 21:53:07,211 - INFO -     Train loss : 0.004662
2025-12-11 21:53:07,211 - INFO -     Valid  loss : 0.003044
2025-12-11 21:53:54,292 - INFO - Epoch [4/100]
2025-12-11 21:53:54,293 - INFO -     Train loss : 0.004166
2025-12-11 21:53:54,293 - INFO -     Valid  loss : 0.002633
2025-12-11 21:54:41,288 - INFO - Epoch [5/100]
2025-12-11 21:54:41,289 - INFO -     Train loss : 0.003915
2025-12-11 21:54:41,289 - INFO -     Valid  loss : 0.002733
2025-12-11 21:55:28,259 - INFO - Epoch [6/100]
2025-12-11 21:55:28,259 - INFO -     Train loss : 0.003681
2025-12-11 21:55:28,259 - INFO -     Valid  loss : 0.002430
2025-12-11 21:56:15,293 - INFO - Epoch [7/100]
2025-12-11 21:56:15,293 - INFO -     Train loss : 0.003562
2025-12-11 21:56:15,293 - INFO -     Valid  loss : 0.002555
2025-12-11 21:57:02,294 - INFO - Epoch [8/100]
2025-12-11 21:57:02,294 - INFO -     Train loss : 0.003436
2025-12-11 21:57:02,294 - INFO -     Valid  loss : 0.002525
2025-12-11 21:57:49,185 - INFO - Epoch [9/100]
2025-12-11 21:57:49,185 - INFO -     Train loss : 0.003340
2025-12-11 21:57:49,185 - INFO -     Valid  loss : 0.002466
2025-12-11 21:58:36,037 - INFO - Epoch [10/100]
2025-12-11 21:58:36,037 - INFO -     Train loss : 0.003287
2025-12-11 21:58:36,037 - INFO -     Valid  loss : 0.002592
2025-12-11 21:59:22,753 - INFO - Epoch [11/100]
2025-12-11 21:59:22,754 - INFO -     Train loss : 0.002992
2025-12-11 21:59:22,754 - INFO -     Valid  loss : 0.002816
2025-12-11 22:00:09,488 - INFO - Epoch [12/100]
2025-12-11 22:00:09,489 - INFO -     Train loss : 0.002942
2025-12-11 22:00:09,489 - INFO -     Valid  loss : 0.002683
2025-12-11 22:00:56,149 - INFO - Epoch [13/100]
2025-12-11 22:00:56,149 - INFO -     Train loss : 0.002885
2025-12-11 22:00:56,149 - INFO -     Valid  loss : 0.002627
2025-12-11 22:01:42,802 - INFO - Epoch [14/100]
2025-12-11 22:01:42,802 - INFO -     Train loss : 0.002850
2025-12-11 22:01:42,802 - INFO -     Valid  loss : 0.002598
2025-12-11 22:02:29,451 - INFO - Epoch [15/100]
2025-12-11 22:02:29,451 - INFO -     Train loss : 0.002816
2025-12-11 22:02:29,451 - INFO -     Valid  loss : 0.002432
2025-12-11 22:03:16,155 - INFO - Epoch [16/100]
2025-12-11 22:03:16,155 - INFO -     Train loss : 0.002768
2025-12-11 22:03:16,155 - INFO -     Valid  loss : 0.002317
2025-12-11 22:04:02,859 - INFO - Epoch [17/100]
2025-12-11 22:04:02,859 - INFO -     Train loss : 0.002743
2025-12-11 22:04:02,859 - INFO -     Valid  loss : 0.002240
2025-12-11 22:04:49,629 - INFO - Epoch [18/100]
2025-12-11 22:04:49,629 - INFO -     Train loss : 0.002726
2025-12-11 22:04:49,629 - INFO -     Valid  loss : 0.002187
2025-12-11 22:05:36,301 - INFO - Epoch [19/100]
2025-12-11 22:05:36,302 - INFO -     Train loss : 0.002716
2025-12-11 22:05:36,302 - INFO -     Valid  loss : 0.002150
2025-12-11 22:06:22,952 - INFO - Epoch [20/100]
2025-12-11 22:06:22,952 - INFO -     Train loss : 0.002710
2025-12-11 22:06:22,952 - INFO -     Valid  loss : 0.002124
2025-12-11 22:07:09,294 - INFO - Epoch [21/100]
2025-12-11 22:07:09,294 - INFO -     Train loss : 0.002702
2025-12-11 22:07:09,294 - INFO -     Valid  loss : 0.002105
2025-12-11 22:07:56,044 - INFO - Epoch [22/100]
2025-12-11 22:07:56,045 - INFO -     Train loss : 0.002698
2025-12-11 22:07:56,045 - INFO -     Valid  loss : 0.002091
2025-12-11 22:08:42,747 - INFO - Epoch [23/100]
2025-12-11 22:08:42,748 - INFO -     Train loss : 0.002694
2025-12-11 22:08:42,748 - INFO -     Valid  loss : 0.002080
2025-12-11 22:09:29,467 - INFO - Epoch [24/100]
2025-12-11 22:09:29,467 - INFO -     Train loss : 0.002692
2025-12-11 22:09:29,467 - INFO -     Valid  loss : 0.002072
2025-12-11 22:10:16,047 - INFO - Epoch [25/100]
2025-12-11 22:10:16,047 - INFO -     Train loss : 0.002689
2025-12-11 22:10:16,048 - INFO -     Valid  loss : 0.002066
2025-12-11 22:11:02,406 - INFO - Epoch [26/100]
2025-12-11 22:11:02,406 - INFO -     Train loss : 0.002687
2025-12-11 22:11:02,407 - INFO -     Valid  loss : 0.002060
2025-12-11 22:11:49,040 - INFO - Epoch [27/100]
2025-12-11 22:11:49,040 - INFO -     Train loss : 0.002682
2025-12-11 22:11:49,040 - INFO -     Valid  loss : 0.002055
2025-12-11 22:12:35,736 - INFO - Epoch [28/100]
2025-12-11 22:12:35,737 - INFO -     Train loss : 0.002680
2025-12-11 22:12:35,737 - INFO -     Valid  loss : 0.002052
2025-12-11 22:13:22,385 - INFO - Epoch [29/100]
2025-12-11 22:13:22,385 - INFO -     Train loss : 0.002676
2025-12-11 22:13:22,386 - INFO -     Valid  loss : 0.002048
2025-12-11 22:14:09,080 - INFO - Epoch [30/100]
2025-12-11 22:14:09,080 - INFO -     Train loss : 0.002674
2025-12-11 22:14:09,080 - INFO -     Valid  loss : 0.002045
2025-12-11 22:14:55,722 - INFO - Epoch [31/100]
2025-12-11 22:14:55,722 - INFO -     Train loss : 0.002672
2025-12-11 22:14:55,722 - INFO -     Valid  loss : 0.002043
2025-12-11 22:15:42,355 - INFO - Epoch [32/100]
2025-12-11 22:15:42,355 - INFO -     Train loss : 0.002668
2025-12-11 22:15:42,355 - INFO -     Valid  loss : 0.002040
2025-12-11 22:16:29,071 - INFO - Epoch [33/100]
2025-12-11 22:16:29,072 - INFO -     Train loss : 0.002663
2025-12-11 22:16:29,072 - INFO -     Valid  loss : 0.002037
2025-12-11 22:17:15,761 - INFO - Epoch [34/100]
2025-12-11 22:17:15,761 - INFO -     Train loss : 0.002663
2025-12-11 22:17:15,761 - INFO -     Valid  loss : 0.002035
2025-12-11 22:18:02,472 - INFO - Epoch [35/100]
2025-12-11 22:18:02,473 - INFO -     Train loss : 0.002663
2025-12-11 22:18:02,473 - INFO -     Valid  loss : 0.002032
2025-12-11 22:18:49,168 - INFO - Epoch [36/100]
2025-12-11 22:18:49,169 - INFO -     Train loss : 0.002661
2025-12-11 22:18:49,169 - INFO -     Valid  loss : 0.002030
2025-12-11 22:19:35,832 - INFO - Epoch [37/100]
2025-12-11 22:19:35,832 - INFO -     Train loss : 0.002656
2025-12-11 22:19:35,832 - INFO -     Valid  loss : 0.002028
2025-12-11 22:20:22,526 - INFO - Epoch [38/100]
2025-12-11 22:20:22,526 - INFO -     Train loss : 0.002657
2025-12-11 22:20:22,526 - INFO -     Valid  loss : 0.002026
2025-12-11 22:21:09,202 - INFO - Epoch [39/100]
2025-12-11 22:21:09,202 - INFO -     Train loss : 0.002650
2025-12-11 22:21:09,202 - INFO -     Valid  loss : 0.002024
2025-12-11 22:21:55,905 - INFO - Epoch [40/100]
2025-12-11 22:21:55,905 - INFO -     Train loss : 0.002649
2025-12-11 22:21:55,905 - INFO -     Valid  loss : 0.002022
2025-12-11 22:22:42,607 - INFO - Epoch [41/100]
2025-12-11 22:22:42,607 - INFO -     Train loss : 0.002650
2025-12-11 22:22:42,607 - INFO -     Valid  loss : 0.002021
2025-12-11 22:23:29,385 - INFO - Epoch [42/100]
2025-12-11 22:23:29,386 - INFO -     Train loss : 0.002646
2025-12-11 22:23:29,386 - INFO -     Valid  loss : 0.002019
2025-12-11 22:24:16,096 - INFO - Epoch [43/100]
2025-12-11 22:24:16,096 - INFO -     Train loss : 0.002645
2025-12-11 22:24:16,096 - INFO -     Valid  loss : 0.002017
2025-12-11 22:25:02,874 - INFO - Epoch [44/100]
2025-12-11 22:25:02,875 - INFO -     Train loss : 0.002643
2025-12-11 22:25:02,875 - INFO -     Valid  loss : 0.002015
2025-12-11 22:25:49,593 - INFO - Epoch [45/100]
2025-12-11 22:25:49,593 - INFO -     Train loss : 0.002638
2025-12-11 22:25:49,593 - INFO -     Valid  loss : 0.002014
2025-12-11 22:26:36,354 - INFO - Epoch [46/100]
2025-12-11 22:26:36,355 - INFO -     Train loss : 0.002638
2025-12-11 22:26:36,355 - INFO -     Valid  loss : 0.002013
2025-12-11 22:27:23,080 - INFO - Epoch [47/100]
2025-12-11 22:27:23,080 - INFO -     Train loss : 0.002637
2025-12-11 22:27:23,080 - INFO -     Valid  loss : 0.002011
2025-12-11 22:28:09,893 - INFO - Epoch [48/100]
2025-12-11 22:28:09,893 - INFO -     Train loss : 0.002634
2025-12-11 22:28:09,893 - INFO -     Valid  loss : 0.002010
2025-12-11 22:28:56,763 - INFO - Epoch [49/100]
2025-12-11 22:28:56,764 - INFO -     Train loss : 0.002630
2025-12-11 22:28:56,764 - INFO -     Valid  loss : 0.002008
2025-12-11 22:29:43,582 - INFO - Epoch [50/100]
2025-12-11 22:29:43,583 - INFO -     Train loss : 0.002628
2025-12-11 22:29:43,583 - INFO -     Valid  loss : 0.002007
2025-12-11 22:30:30,343 - INFO - Epoch [51/100]
2025-12-11 22:30:30,343 - INFO -     Train loss : 0.002628
2025-12-11 22:30:30,343 - INFO -     Valid  loss : 0.002006
2025-12-11 22:31:17,133 - INFO - Epoch [52/100]
2025-12-11 22:31:17,133 - INFO -     Train loss : 0.002626
2025-12-11 22:31:17,133 - INFO -     Valid  loss : 0.002004
2025-12-11 22:32:03,963 - INFO - Epoch [53/100]
2025-12-11 22:32:03,963 - INFO -     Train loss : 0.002622
2025-12-11 22:32:03,963 - INFO -     Valid  loss : 0.002003
2025-12-11 22:32:50,915 - INFO - Epoch [54/100]
2025-12-11 22:32:50,916 - INFO -     Train loss : 0.002623
2025-12-11 22:32:50,916 - INFO -     Valid  loss : 0.002002
2025-12-11 22:33:37,728 - INFO - Epoch [55/100]
2025-12-11 22:33:37,728 - INFO -     Train loss : 0.002617
2025-12-11 22:33:37,728 - INFO -     Valid  loss : 0.002001
2025-12-11 22:34:24,570 - INFO - Epoch [56/100]
2025-12-11 22:34:24,570 - INFO -     Train loss : 0.002618
2025-12-11 22:34:24,570 - INFO -     Valid  loss : 0.002000
2025-12-11 22:35:11,474 - INFO - Epoch [57/100]
2025-12-11 22:35:11,474 - INFO -     Train loss : 0.002616
2025-12-11 22:35:11,474 - INFO -     Valid  loss : 0.001999
2025-12-11 22:35:58,427 - INFO - Epoch [58/100]
2025-12-11 22:35:58,428 - INFO -     Train loss : 0.002614
2025-12-11 22:35:58,428 - INFO -     Valid  loss : 0.001998
2025-12-11 22:36:45,225 - INFO - Epoch [59/100]
2025-12-11 22:36:45,225 - INFO -     Train loss : 0.002612
2025-12-11 22:36:45,226 - INFO -     Valid  loss : 0.001997
2025-12-11 22:37:32,052 - INFO - Epoch [60/100]
2025-12-11 22:37:32,052 - INFO -     Train loss : 0.002612
2025-12-11 22:37:32,052 - INFO -     Valid  loss : 0.001996
2025-12-11 22:38:18,835 - INFO - Epoch [61/100]
2025-12-11 22:38:18,835 - INFO -     Train loss : 0.002610
2025-12-11 22:38:18,835 - INFO -     Valid  loss : 0.001995
2025-12-11 22:39:05,711 - INFO - Epoch [62/100]
2025-12-11 22:39:05,712 - INFO -     Train loss : 0.002606
2025-12-11 22:39:05,712 - INFO -     Valid  loss : 0.001994
2025-12-11 22:39:52,499 - INFO - Epoch [63/100]
2025-12-11 22:39:52,499 - INFO -     Train loss : 0.002607
2025-12-11 22:39:52,499 - INFO -     Valid  loss : 0.001993
2025-12-11 22:40:39,399 - INFO - Epoch [64/100]
2025-12-11 22:40:39,399 - INFO -     Train loss : 0.002605
2025-12-11 22:40:39,399 - INFO -     Valid  loss : 0.001992
2025-12-11 22:41:26,147 - INFO - Epoch [65/100]
2025-12-11 22:41:26,148 - INFO -     Train loss : 0.002602
2025-12-11 22:41:26,148 - INFO -     Valid  loss : 0.001991
2025-12-11 22:42:12,921 - INFO - Epoch [66/100]
2025-12-11 22:42:12,921 - INFO -     Train loss : 0.002598
2025-12-11 22:42:12,921 - INFO -     Valid  loss : 0.001990
2025-12-11 22:42:59,671 - INFO - Epoch [67/100]
2025-12-11 22:42:59,672 - INFO -     Train loss : 0.002599
2025-12-11 22:42:59,672 - INFO -     Valid  loss : 0.001989
2025-12-11 22:43:46,416 - INFO - Epoch [68/100]
2025-12-11 22:43:46,416 - INFO -     Train loss : 0.002597
2025-12-11 22:43:46,416 - INFO -     Valid  loss : 0.001988
2025-12-11 22:44:33,129 - INFO - Epoch [69/100]
2025-12-11 22:44:33,130 - INFO -     Train loss : 0.002595
2025-12-11 22:44:33,130 - INFO -     Valid  loss : 0.001988
2025-12-11 22:45:19,900 - INFO - Epoch [70/100]
2025-12-11 22:45:19,900 - INFO -     Train loss : 0.002592
2025-12-11 22:45:19,900 - INFO -     Valid  loss : 0.001987
2025-12-11 22:46:06,613 - INFO - Epoch [71/100]
2025-12-11 22:46:06,613 - INFO -     Train loss : 0.002589
2025-12-11 22:46:06,613 - INFO -     Valid  loss : 0.001986
2025-12-11 22:46:53,391 - INFO - Epoch [72/100]
2025-12-11 22:46:53,391 - INFO -     Train loss : 0.002589
2025-12-11 22:46:53,391 - INFO -     Valid  loss : 0.001985
2025-12-11 22:47:40,138 - INFO - Epoch [73/100]
2025-12-11 22:47:40,138 - INFO -     Train loss : 0.002589
2025-12-11 22:47:40,138 - INFO -     Valid  loss : 0.001984
2025-12-11 22:48:26,914 - INFO - Epoch [74/100]
2025-12-11 22:48:26,914 - INFO -     Train loss : 0.002586
2025-12-11 22:48:26,914 - INFO -     Valid  loss : 0.001984
2025-12-11 22:49:13,607 - INFO - Epoch [75/100]
2025-12-11 22:49:13,607 - INFO -     Train loss : 0.002585
2025-12-11 22:49:13,607 - INFO -     Valid  loss : 0.001984
2025-12-11 22:50:00,293 - INFO - Epoch [76/100]
2025-12-11 22:50:00,293 - INFO -     Train loss : 0.002586
2025-12-11 22:50:00,293 - INFO -     Valid  loss : 0.001983
2025-12-11 22:50:47,101 - INFO - Epoch [77/100]
2025-12-11 22:50:47,101 - INFO -     Train loss : 0.002582
2025-12-11 22:50:47,101 - INFO -     Valid  loss : 0.001982
2025-12-11 22:51:33,987 - INFO - Epoch [78/100]
2025-12-11 22:51:33,988 - INFO -     Train loss : 0.002581
2025-12-11 22:51:33,988 - INFO -     Valid  loss : 0.001982
2025-12-11 22:52:20,752 - INFO - Epoch [79/100]
2025-12-11 22:52:20,753 - INFO -     Train loss : 0.002578
2025-12-11 22:52:20,753 - INFO -     Valid  loss : 0.001981
2025-12-11 22:53:07,503 - INFO - Epoch [80/100]
2025-12-11 22:53:07,503 - INFO -     Train loss : 0.002576
2025-12-11 22:53:07,503 - INFO -     Valid  loss : 0.001980
2025-12-11 22:53:54,325 - INFO - Epoch [81/100]
2025-12-11 22:53:54,325 - INFO -     Train loss : 0.002574
2025-12-11 22:53:54,325 - INFO -     Valid  loss : 0.001980
2025-12-11 22:54:41,186 - INFO - Epoch [82/100]
2025-12-11 22:54:41,187 - INFO -     Train loss : 0.002575
2025-12-11 22:54:41,187 - INFO -     Valid  loss : 0.001979
2025-12-11 22:55:28,015 - INFO - Epoch [83/100]
2025-12-11 22:55:28,015 - INFO -     Train loss : 0.002570
2025-12-11 22:55:28,015 - INFO -     Valid  loss : 0.001979
2025-12-11 22:56:14,803 - INFO - Epoch [84/100]
2025-12-11 22:56:14,803 - INFO -     Train loss : 0.002570
2025-12-11 22:56:14,803 - INFO -     Valid  loss : 0.001978
2025-12-11 22:57:01,546 - INFO - Epoch [85/100]
2025-12-11 22:57:01,546 - INFO -     Train loss : 0.002569
2025-12-11 22:57:01,547 - INFO -     Valid  loss : 0.001977
2025-12-11 22:57:48,245 - INFO - Epoch [86/100]
2025-12-11 22:57:48,245 - INFO -     Train loss : 0.002569
2025-12-11 22:57:48,245 - INFO -     Valid  loss : 0.001977
2025-12-11 22:58:34,885 - INFO - Epoch [87/100]
2025-12-11 22:58:34,885 - INFO -     Train loss : 0.002564
2025-12-11 22:58:34,885 - INFO -     Valid  loss : 0.001977
2025-12-11 22:59:21,627 - INFO - Epoch [88/100]
2025-12-11 22:59:21,628 - INFO -     Train loss : 0.002563
2025-12-11 22:59:21,628 - INFO -     Valid  loss : 0.001976
2025-12-11 23:00:08,407 - INFO - Epoch [89/100]
2025-12-11 23:00:08,407 - INFO -     Train loss : 0.002564
2025-12-11 23:00:08,407 - INFO -     Valid  loss : 0.001975
2025-12-11 23:00:55,233 - INFO - Epoch [90/100]
2025-12-11 23:00:55,233 - INFO -     Train loss : 0.002561
2025-12-11 23:00:55,233 - INFO -     Valid  loss : 0.001975
2025-12-11 23:01:41,983 - INFO - Epoch [91/100]
2025-12-11 23:01:41,984 - INFO -     Train loss : 0.002561
2025-12-11 23:01:41,984 - INFO -     Valid  loss : 0.001975
2025-12-11 23:02:28,742 - INFO - Epoch [92/100]
2025-12-11 23:02:28,742 - INFO -     Train loss : 0.002559
2025-12-11 23:02:28,742 - INFO -     Valid  loss : 0.001974
2025-12-11 23:03:15,436 - INFO - Epoch [93/100]
2025-12-11 23:03:15,437 - INFO -     Train loss : 0.002558
2025-12-11 23:03:15,437 - INFO -     Valid  loss : 0.001974
2025-12-11 23:04:02,125 - INFO - Epoch [94/100]
2025-12-11 23:04:02,125 - INFO -     Train loss : 0.002557
2025-12-11 23:04:02,126 - INFO -     Valid  loss : 0.001974
2025-12-11 23:04:48,702 - INFO - Epoch [95/100]
2025-12-11 23:04:48,703 - INFO -     Train loss : 0.002555
2025-12-11 23:04:48,703 - INFO -     Valid  loss : 0.001974
2025-12-11 23:05:35,270 - INFO - Epoch [96/100]
2025-12-11 23:05:35,270 - INFO -     Train loss : 0.002555
2025-12-11 23:05:35,270 - INFO -     Valid  loss : 0.001973
2025-12-11 23:06:21,917 - INFO - Epoch [97/100]
2025-12-11 23:06:21,917 - INFO -     Train loss : 0.002552
2025-12-11 23:06:21,917 - INFO -     Valid  loss : 0.001973
2025-12-11 23:07:08,522 - INFO - Epoch [98/100]
2025-12-11 23:07:08,522 - INFO -     Train loss : 0.002549
2025-12-11 23:07:08,522 - INFO -     Valid  loss : 0.001972
2025-12-11 23:07:55,124 - INFO - Epoch [99/100]
2025-12-11 23:07:55,124 - INFO -     Train loss : 0.002551
2025-12-11 23:07:55,125 - INFO -     Valid  loss : 0.001972
2025-12-11 23:08:41,757 - INFO - Epoch [100/100]
2025-12-11 23:08:41,757 - INFO -     Train loss : 0.002549
2025-12-11 23:08:41,757 - INFO -     Valid  loss : 0.001972
2025-12-11 23:08:41,846 - INFO - Eval model...
2025-12-11 23:08:41,847 - INFO - Restored best model met during training.
2025-12-11 23:11:09,734 - INFO - Training and eval completed! Model weights and log save at: result/PECANSTREET_hvac_1min/128/NILMFormer_0.pt
Training: hvac seed=1
2025-12-11 23:11:39,046 - INFO - ---- Run experiments with provided parameters ----
2025-12-11 23:11:39,047 - INFO -       Dataset: PECANSTREET
2025-12-11 23:11:39,047 - INFO -       Sampling Rate: 1min
2025-12-11 23:11:39,047 - INFO -       Window Size: 128
2025-12-11 23:11:39,047 - INFO -       Appliance : hvac
2025-12-11 23:11:39,047 - INFO -       Model: NILMFormer
2025-12-11 23:11:39,047 - INFO -       Seed: 1
2025-12-11 23:11:39,047 - INFO - --------------------------------------------------
2025-12-11 23:11:39,052 - INFO - Process data ...
2025-12-11 23:11:39,053 - INFO - Loading cached data from data/cache/dbe89f483af4.pkl
2025-12-11 23:11:39,908 - INFO -              ... Done.
2025-12-11 23:11:40,151 - INFO - Model training...
2025-12-11 23:12:29,700 - INFO - Epoch [1/100]
2025-12-11 23:12:29,700 - INFO -     Train loss : 0.009928
2025-12-11 23:12:29,700 - INFO -     Valid  loss : 0.002627
2025-12-11 23:13:18,825 - INFO - Epoch [2/100]
2025-12-11 23:13:18,826 - INFO -     Train loss : 0.006325
2025-12-11 23:13:18,826 - INFO -     Valid  loss : 0.001697
2025-12-11 23:14:07,887 - INFO - Epoch [3/100]
2025-12-11 23:14:07,888 - INFO -     Train loss : 0.005428
2025-12-11 23:14:07,888 - INFO -     Valid  loss : 0.001572
2025-12-11 23:14:57,019 - INFO - Epoch [4/100]
2025-12-11 23:14:57,020 - INFO -     Train loss : 0.004949
2025-12-11 23:14:57,020 - INFO -     Valid  loss : 0.001491
2025-12-11 23:15:46,036 - INFO - Epoch [5/100]
2025-12-11 23:15:46,036 - INFO -     Train loss : 0.004600
2025-12-11 23:15:46,036 - INFO -     Valid  loss : 0.001448
2025-12-11 23:16:35,118 - INFO - Epoch [6/100]
2025-12-11 23:16:35,118 - INFO -     Train loss : 0.004335
2025-12-11 23:16:35,118 - INFO -     Valid  loss : 0.001450
2025-12-11 23:17:24,177 - INFO - Epoch [7/100]
2025-12-11 23:17:24,177 - INFO -     Train loss : 0.004132
2025-12-11 23:17:24,177 - INFO -     Valid  loss : 0.001422
2025-12-11 23:18:13,280 - INFO - Epoch [8/100]
2025-12-11 23:18:13,281 - INFO -     Train loss : 0.003964
2025-12-11 23:18:13,281 - INFO -     Valid  loss : 0.001392
2025-12-11 23:19:02,415 - INFO - Epoch [9/100]
2025-12-11 23:19:02,416 - INFO -     Train loss : 0.003821
2025-12-11 23:19:02,416 - INFO -     Valid  loss : 0.001351
2025-12-11 23:19:51,458 - INFO - Epoch [10/100]
2025-12-11 23:19:51,458 - INFO -     Train loss : 0.003655
2025-12-11 23:19:51,459 - INFO -     Valid  loss : 0.001436
2025-12-11 23:20:40,570 - INFO - Epoch [11/100]
2025-12-11 23:20:40,570 - INFO -     Train loss : 0.003486
2025-12-11 23:20:40,570 - INFO -     Valid  loss : 0.001539
2025-12-11 23:21:29,637 - INFO - Epoch [12/100]
2025-12-11 23:21:29,637 - INFO -     Train loss : 0.003333
2025-12-11 23:21:29,637 - INFO -     Valid  loss : 0.001681
2025-12-11 23:22:18,657 - INFO - Epoch [13/100]
2025-12-11 23:22:18,658 - INFO -     Train loss : 0.003215
2025-12-11 23:22:18,658 - INFO -     Valid  loss : 0.001800
2025-12-11 23:23:07,649 - INFO - Epoch [14/100]
2025-12-11 23:23:07,649 - INFO -     Train loss : 0.002715
2025-12-11 23:23:07,649 - INFO -     Valid  loss : 0.001071
2025-12-11 23:23:56,821 - INFO - Epoch [15/100]
2025-12-11 23:23:56,822 - INFO -     Train loss : 0.002595
2025-12-11 23:23:56,822 - INFO -     Valid  loss : 0.001053
2025-12-11 23:24:45,981 - INFO - Epoch [16/100]
2025-12-11 23:24:45,981 - INFO -     Train loss : 0.002570
2025-12-11 23:24:45,981 - INFO -     Valid  loss : 0.001061
2025-12-11 23:25:35,048 - INFO - Epoch [17/100]
2025-12-11 23:25:35,048 - INFO -     Train loss : 0.002547
2025-12-11 23:25:35,048 - INFO -     Valid  loss : 0.001072
2025-12-11 23:26:24,195 - INFO - Epoch [18/100]
2025-12-11 23:26:24,196 - INFO -     Train loss : 0.002529
2025-12-11 23:26:24,196 - INFO -     Valid  loss : 0.001084
2025-12-11 23:27:13,421 - INFO - Epoch [19/100]
2025-12-11 23:27:13,421 - INFO -     Train loss : 0.002511
2025-12-11 23:27:13,421 - INFO -     Valid  loss : 0.001097
2025-12-11 23:28:02,550 - INFO - Epoch [20/100]
2025-12-11 23:28:02,550 - INFO -     Train loss : 0.002455
2025-12-11 23:28:02,550 - INFO -     Valid  loss : 0.001040
2025-12-11 23:28:51,675 - INFO - Epoch [21/100]
2025-12-11 23:28:51,675 - INFO -     Train loss : 0.002436
2025-12-11 23:28:51,675 - INFO -     Valid  loss : 0.001015
2025-12-11 23:29:40,817 - INFO - Epoch [22/100]
2025-12-11 23:29:40,817 - INFO -     Train loss : 0.002425
2025-12-11 23:29:40,817 - INFO -     Valid  loss : 0.001003
2025-12-11 23:30:29,886 - INFO - Epoch [23/100]
2025-12-11 23:30:29,886 - INFO -     Train loss : 0.002420
2025-12-11 23:30:29,886 - INFO -     Valid  loss : 0.000997
2025-12-11 23:31:18,993 - INFO - Epoch [24/100]
2025-12-11 23:31:18,993 - INFO -     Train loss : 0.002421
2025-12-11 23:31:18,993 - INFO -     Valid  loss : 0.000994
2025-12-11 23:32:07,881 - INFO - Epoch [25/100]
2025-12-11 23:32:07,882 - INFO -     Train loss : 0.002418
2025-12-11 23:32:07,882 - INFO -     Valid  loss : 0.000992
2025-12-11 23:32:56,702 - INFO - Epoch [26/100]
2025-12-11 23:32:56,703 - INFO -     Train loss : 0.002416
2025-12-11 23:32:56,703 - INFO -     Valid  loss : 0.000991
2025-12-11 23:33:45,498 - INFO - Epoch [27/100]
2025-12-11 23:33:45,498 - INFO -     Train loss : 0.002411
2025-12-11 23:33:45,498 - INFO -     Valid  loss : 0.000990
2025-12-11 23:34:34,293 - INFO - Epoch [28/100]
2025-12-11 23:34:34,294 - INFO -     Train loss : 0.002408
2025-12-11 23:34:34,294 - INFO -     Valid  loss : 0.000989
slurmstepd: error: *** JOB 19586006 ON cn-r-1 CANCELLED AT 2025-12-11T23:34:55 ***
